Arguments: 
  /Users/zhangpq/.nvm/versions/node/v16.16.0/bin/node /usr/local/bin/yarn

PATH: 
  /Users/zhangpq/.nvm/versions/node/v16.16.0/bin:/opt/homebrew/bin:/opt/homebrew/sbin:/usr/local/bin:/usr/bin:/bin:/usr/sbin:/sbin:/usr/local/go/bin:/usr/local/share/dotnet:~/.dotnet/tools:/Library/Apple/usr/bin:/Library/Frameworks/Mono.framework/Versions/Current/Commands:/Users/zhangpq/.nvm/versions/node/v16.16.0/bin:/opt/homebrew/bin:/opt/homebrew/sbin:/Users/zhangpq/.npm-global/bin:/Users/zhangpq/.npm-global/bin

Yarn version: 
  1.22.18

Node version: 
  16.16.0

Platform: 
  darwin arm64

Trace: 
  Error: ENOENT: no such file or directory, copyfile '/Users/zhangpq/Library/Caches/Yarn/v6/npm-estraverse-4.3.0-398ad3f3c5a24948be7725e83d11a7de28cdbd1d-integrity/node_modules/estraverse/.jshintrc' -> '/Users/zhangpq/Desktop/Sourcetree/js/ui/node_modules/@typescript-eslint/utils/node_modules/estraverse/.jshintrc'

npm manifest: 
  {
      "name": "ui",
      "private": true,
      "version": "0.0.0",
      "type": "module",
      "scripts": {
          "dev": "vite",
          "build": "vue-tsc && vite build",
          "preview": "vite preview"
      },
      "dependencies": {
          "element-plus": "^2.2.22",
          "less": "^4.1.3",
          "sortablejs": "^1.15.0",
          "vue": "^3.2.45"
      },
      "devDependencies": {
          "@typescript-eslint/eslint-plugin": "^5.43.0",
          "@typescript-eslint/parser": "^5.43.0",
          "@vitejs/plugin-vue": "^3.2.0",
          "eslint": "^8.28.0",
          "eslint-plugin-vue": "^9.7.0",
          "typescript": "^4.9.3",
          "vite": "^3.2.4",
          "vue-tsc": "^1.0.9"
      }
  }

yarn manifest: 
  No manifest

Lockfile: 
  No lockfile
